TN:
SF:notesApi.js
FN:2,(anonymous_0)
FN:4,(anonymous_1)
FN:5,(anonymous_2)
FNF:3
FNH:3
FNDA:2,(anonymous_0)
FNDA:2,(anonymous_1)
FNDA:2,(anonymous_2)
DA:3,2
DA:4,2
DA:6,2
DA:7,2
DA:16,2
LF:5
LH:5
BRF:0
BRH:0
end_of_record
TN:
SF:notesModel.js
FN:2,(anonymous_0)
FN:6,(anonymous_1)
FN:10,(anonymous_2)
FN:14,(anonymous_3)
FNF:4
FNH:4
FNDA:7,(anonymous_0)
FNDA:8,(anonymous_1)
FNDA:9,(anonymous_2)
FNDA:1,(anonymous_3)
DA:3,7
DA:7,8
DA:11,9
DA:15,1
DA:19,2
LF:5
LH:5
BRF:0
BRH:0
end_of_record
TN:
SF:notesView.js
FN:2,(anonymous_0)
FN:9,(anonymous_1)
FN:16,(anonymous_2)
FN:23,(anonymous_3)
FN:28,(anonymous_4)
FN:29,(anonymous_5)
FN:33,(anonymous_6)
FN:35,(anonymous_7)
FN:42,(anonymous_8)
FN:45,(anonymous_9)
FN:53,(anonymous_10)
FN:54,(anonymous_11)
FN:55,(anonymous_12)
FNF:13
FNH:9
FNDA:4,(anonymous_0)
FNDA:3,(anonymous_1)
FNDA:3,(anonymous_2)
FNDA:1,(anonymous_3)
FNDA:4,(anonymous_4)
FNDA:1,(anonymous_5)
FNDA:0,(anonymous_6)
FNDA:0,(anonymous_7)
FNDA:4,(anonymous_8)
FNDA:6,(anonymous_9)
FNDA:1,(anonymous_10)
FNDA:0,(anonymous_11)
FNDA:0,(anonymous_12)
DA:3,4
DA:4,4
DA:5,4
DA:7,4
DA:10,3
DA:11,3
DA:12,3
DA:17,3
DA:18,3
DA:24,1
DA:29,4
DA:30,1
DA:34,0
DA:35,0
DA:36,0
DA:37,0
DA:38,0
DA:39,0
DA:43,4
DA:44,4
DA:45,4
DA:46,6
DA:47,6
DA:48,6
DA:49,6
DA:54,1
DA:55,0
DA:56,0
DA:58,0
DA:63,1
LF:30
LH:21
BRF:0
BRH:0
end_of_record
